<testsuites id="" name="" tests="1" failures="1" skipped="0" errors="0" time="19.57758">
<testsuite name="Chapter-05\08_RunTestDataBaseOnEnv.spec.ts" timestamp="2025-05-31T11:28:04.423Z" hostname="Google Chrome" tests="1" failures="1" skipped="0" time="13.392" errors="0">
<testcase name="Page Object Model Test in PLaywright" classname="Chapter-05\08_RunTestDataBaseOnEnv.spec.ts" time="13.392">
<failure message="08_RunTestDataBaseOnEnv.spec.ts:3:5 Page Object Model Test in PLaywright" type="FAILURE">
<![CDATA[  [Google Chrome] › Chapter-05\08_RunTestDataBaseOnEnv.spec.ts:3:5 › Page Object Model Test in PLaywright 

    Error: Timed out 5000ms waiting for expect(locator).toBeVisible()

    Locator: getByRole('heading', { name: 'Dashboard' })
    Expected: visible
    Received: <element(s) not found>
    Call log:
      - expect.toBeVisible with timeout 5000ms
      - waiting for getByRole('heading', { name: 'Dashboard' })


       at ..\src\Pages\HomePage.ts:17

      15 |         //Methods
      16 |         async checkDashboardText(){
    > 17 |             await expect(this.page.getByRole('heading', { name: 'Dashboard' })).toBeVisible();
         |                                                                                 ^
      18 |         } 
      19 |         async validatePageTitle(keyword:string){
      20 |             await expect(this.page).toHaveTitle(keyword);
        at HomePage.checkDashboardText (F:\PlaywrightWithTypeScript\PlaywrightWithTS-Proj\src\Pages\HomePage.ts:17:81)
        at F:\PlaywrightWithTypeScript\PlaywrightWithTS-Proj\tests\Chapter-05\08_RunTestDataBaseOnEnv.spec.ts:13:20
]]>
</failure>
<system-out>
<![CDATA[Global before is running...
Test are running in dev env.
Global afterEach is running...
]]>
</system-out>
</testcase>
</testsuite>
</testsuites>