<testsuites id="" name="" tests="1" failures="0" skipped="0" errors="0" time="17.546026">
<testsuite name="Chapter-01\04_Codegen_Test.spec.ts" timestamp="2025-06-01T09:53:14.527Z" hostname="Google Chrome" tests="1" failures="0" skipped="0" time="13.625" errors="0">
<testcase name="Search Existing Employee - PIM - CodegenTC" classname="Chapter-01\04_Codegen_Test.spec.ts" time="13.625">
<system-out>
<![CDATA[
[[ATTACHMENT|test-results\Chapter-01-04_Codegen_Test-63dca--Employee---PIM---CodegenTC-Google-Chrome\trace.zip]]
]]>
</system-out>
</testcase>
</testsuite>
</testsuites>